0 info it worked if it ends with ok
1 verbose cli [ '/usr/bin/node', '/usr/bin/npm', 'run', 'build-host' ]
2 info using npm@3.5.2
3 info using node@v8.10.0
4 verbose run-script [ 'prebuild-host', 'build-host', 'postbuild-host' ]
5 info lifecycle qcabien@1.0.0~prebuild-host: qcabien@1.0.0
6 silly lifecycle qcabien@1.0.0~prebuild-host: no script for prebuild-host, continuing
7 info lifecycle qcabien@1.0.0~build-host: qcabien@1.0.0
8 verbose lifecycle qcabien@1.0.0~build-host: unsafe-perm in lifecycle true
9 verbose lifecycle qcabien@1.0.0~build-host: PATH: /usr/share/npm/bin/node-gyp-bin:/var/www/html/qca/qca/node_modules/.bin:/usr/local/sbin:/usr/local/bin:/usr/sbin:/usr/bin:/sbin:/bin:/usr/games:/usr/local/games:/snap/bin
10 verbose lifecycle qcabien@1.0.0~build-host: CWD: /var/www/html/qca/qca
11 silly lifecycle qcabien@1.0.0~build-host: Args: [ '-c',
11 silly lifecycle   'node ./node_modules/electron-packager/cli.js . "QCA Simulator" --out ./build --overwrite' ]
12 silly lifecycle qcabien@1.0.0~build-host: Returned: code: 1  signal: null
13 info lifecycle qcabien@1.0.0~build-host: Failed to exec build-host script
14 verbose stack Error: qcabien@1.0.0 build-host: `node ./node_modules/electron-packager/cli.js . "QCA Simulator" --out ./build --overwrite`
14 verbose stack Exit status 1
14 verbose stack     at EventEmitter.<anonymous> (/usr/share/npm/lib/utils/lifecycle.js:232:16)
14 verbose stack     at emitTwo (events.js:126:13)
14 verbose stack     at EventEmitter.emit (events.js:214:7)
14 verbose stack     at ChildProcess.<anonymous> (/usr/share/npm/lib/utils/spawn.js:24:14)
14 verbose stack     at emitTwo (events.js:126:13)
14 verbose stack     at ChildProcess.emit (events.js:214:7)
14 verbose stack     at maybeClose (internal/child_process.js:925:16)
14 verbose stack     at Process.ChildProcess._handle.onexit (internal/child_process.js:209:5)
15 verbose pkgid qcabien@1.0.0
16 verbose cwd /var/www/html/qca/qca
17 error Linux 4.15.0-43-generic
18 error argv "/usr/bin/node" "/usr/bin/npm" "run" "build-host"
19 error node v8.10.0
20 error npm  v3.5.2
21 error code ELIFECYCLE
22 error qcabien@1.0.0 build-host: `node ./node_modules/electron-packager/cli.js . "QCA Simulator" --out ./build --overwrite`
22 error Exit status 1
23 error Failed at the qcabien@1.0.0 build-host script 'node ./node_modules/electron-packager/cli.js . "QCA Simulator" --out ./build --overwrite'.
23 error Make sure you have the latest version of node.js and npm installed.
23 error If you do, this is most likely a problem with the qcabien package,
23 error not with npm itself.
23 error Tell the author that this fails on your system:
23 error     node ./node_modules/electron-packager/cli.js . "QCA Simulator" --out ./build --overwrite
23 error You can get information on how to open an issue for this project with:
23 error     npm bugs qcabien
23 error Or if that isn't available, you can get their info via:
23 error     npm owner ls qcabien
23 error There is likely additional logging output above.
24 verbose exit [ 1, true ]
